app/build/intermediates/manifest_merge_blame_file/debug/processDebugMainManifest/manifest-merger-blame-debug-report.txt
1<?xml version="1.0" encoding="utf-8"?>
2<manifest xmlns:android="http://schemas.android.com/apk/res/android"
3    package="com.musicplayer.debug"
4    android:versionCode="1"
5    android:versionName="1.0.0" >
6
7    <uses-sdk
8        android:minSdkVersion="26"
9        android:targetSdkVersion="34" />
10
11    <!-- Required for audio playback -->
12    <uses-permission android:name="android.permission.FOREGROUND_SERVICE" />
12-->src/main/AndroidManifest.xml:6:5-77
12-->src/main/AndroidManifest.xml:6:22-74
13    <uses-permission android:name="android.permission.FOREGROUND_SERVICE_MEDIA_PLAYBACK" />
13-->src/main/AndroidManifest.xml:7:5-92
13-->src/main/AndroidManifest.xml:7:22-89
14    <uses-permission android:name="android.permission.WAKE_LOCK" />
14-->src/main/AndroidManifest.xml:8:5-68
14-->src/main/AndroidManifest.xml:8:22-65
15
16    <!-- Required for notifications on Android 13+ -->
17    <uses-permission android:name="android.permission.POST_NOTIFICATIONS" />
17-->src/main/AndroidManifest.xml:11:5-77
17-->src/main/AndroidManifest.xml:11:22-74
18
19    <!-- Audio focus -->
20    <uses-permission android:name="android.permission.MODIFY_AUDIO_SETTINGS" />
20-->src/main/AndroidManifest.xml:14:5-80
20-->src/main/AndroidManifest.xml:14:22-77
21
22    <!-- Features -->
23    <uses-feature
23-->src/main/AndroidManifest.xml:17:5-19:35
24        android:name="android.hardware.audio.output"
24-->src/main/AndroidManifest.xml:18:9-53
25        android:required="true" />
25-->src/main/AndroidManifest.xml:19:9-32
26
27    <uses-permission android:name="android.permission.ACCESS_NETWORK_STATE" />
27-->[androidx.media3:media3-exoplayer:1.4.1] AndroidManifest.xml:22:5-79
27-->[androidx.media3:media3-exoplayer:1.4.1] AndroidManifest.xml:22:22-76
28
29    <permission
29-->[androidx.core:core:1.13.1] AndroidManifest.xml:22:5-24:47
30        android:name="com.musicplayer.debug.DYNAMIC_RECEIVER_NOT_EXPORTED_PERMISSION"
30-->[androidx.core:core:1.13.1] AndroidManifest.xml:23:9-81
31        android:protectionLevel="signature" />
31-->[androidx.core:core:1.13.1] AndroidManifest.xml:24:9-44
32
33    <uses-permission android:name="com.musicplayer.debug.DYNAMIC_RECEIVER_NOT_EXPORTED_PERMISSION" />
33-->[androidx.core:core:1.13.1] AndroidManifest.xml:26:5-97
33-->[androidx.core:core:1.13.1] AndroidManifest.xml:26:22-94
34
35    <application
35-->src/main/AndroidManifest.xml:21:5-86:19
36        android:name="com.musicplayer.MusicPlayerApplication"
36-->src/main/AndroidManifest.xml:22:9-47
37        android:allowBackup="true"
37-->src/main/AndroidManifest.xml:23:9-35
38        android:appComponentFactory="androidx.core.app.CoreComponentFactory"
38-->[androidx.core:core:1.13.1] AndroidManifest.xml:28:18-86
39        android:dataExtractionRules="@xml/data_extraction_rules"
39-->src/main/AndroidManifest.xml:24:9-65
40        android:debuggable="true"
41        android:extractNativeLibs="false"
42        android:fullBackupContent="@xml/backup_rules"
42-->src/main/AndroidManifest.xml:25:9-54
43        android:icon="@mipmap/ic_launcher"
43-->src/main/AndroidManifest.xml:26:9-43
44        android:label="@string/app_name"
44-->src/main/AndroidManifest.xml:27:9-41
45        android:roundIcon="@mipmap/ic_launcher"
45-->src/main/AndroidManifest.xml:28:9-48
46        android:supportsRtl="true"
46-->src/main/AndroidManifest.xml:29:9-35
47        android:theme="@style/Theme.MusicPlayer" >
47-->src/main/AndroidManifest.xml:30:9-49
48
49        <!-- Main Activity -->
50        <activity
50-->src/main/AndroidManifest.xml:34:9-64:20
51            android:name="com.musicplayer.MainActivity"
51-->src/main/AndroidManifest.xml:35:13-41
52            android:exported="true"
52-->src/main/AndroidManifest.xml:36:13-36
53            android:launchMode="singleTask"
53-->src/main/AndroidManifest.xml:37:13-44
54            android:theme="@style/Theme.MusicPlayer"
54-->src/main/AndroidManifest.xml:39:13-53
55            android:windowSoftInputMode="adjustResize" >
55-->src/main/AndroidManifest.xml:38:13-55
56            <intent-filter>
56-->src/main/AndroidManifest.xml:40:13-43:29
57                <action android:name="android.intent.action.MAIN" />
57-->src/main/AndroidManifest.xml:41:17-69
57-->src/main/AndroidManifest.xml:41:25-66
58
59                <category android:name="android.intent.category.LAUNCHER" />
59-->src/main/AndroidManifest.xml:42:17-77
59-->src/main/AndroidManifest.xml:42:27-74
60            </intent-filter>
61
62            <!-- Receive shared audio files from other apps -->
63            <intent-filter>
63-->src/main/AndroidManifest.xml:46:13-50:29
64                <action android:name="android.intent.action.SEND" />
64-->src/main/AndroidManifest.xml:47:17-69
64-->src/main/AndroidManifest.xml:47:25-66
65
66                <category android:name="android.intent.category.DEFAULT" />
66-->src/main/AndroidManifest.xml:48:17-76
66-->src/main/AndroidManifest.xml:48:27-73
67
68                <data android:mimeType="audio/*" />
68-->src/main/AndroidManifest.xml:49:17-52
68-->src/main/AndroidManifest.xml:49:23-49
69            </intent-filter>
70            <intent-filter>
70-->src/main/AndroidManifest.xml:51:13-55:29
71                <action android:name="android.intent.action.SEND_MULTIPLE" />
71-->src/main/AndroidManifest.xml:52:17-78
71-->src/main/AndroidManifest.xml:52:25-75
72
73                <category android:name="android.intent.category.DEFAULT" />
73-->src/main/AndroidManifest.xml:48:17-76
73-->src/main/AndroidManifest.xml:48:27-73
74
75                <data android:mimeType="audio/*" />
75-->src/main/AndroidManifest.xml:49:17-52
75-->src/main/AndroidManifest.xml:49:23-49
76            </intent-filter>
77
78            <!-- Open audio files from file managers -->
79            <intent-filter>
79-->src/main/AndroidManifest.xml:58:13-63:29
80                <action android:name="android.intent.action.VIEW" />
80-->src/main/AndroidManifest.xml:59:17-69
80-->src/main/AndroidManifest.xml:59:25-66
81
82                <category android:name="android.intent.category.DEFAULT" />
82-->src/main/AndroidManifest.xml:48:17-76
82-->src/main/AndroidManifest.xml:48:27-73
83
84                <data android:scheme="content" />
84-->src/main/AndroidManifest.xml:49:17-52
84-->src/main/AndroidManifest.xml:61:23-47
85                <data android:mimeType="audio/*" />
85-->src/main/AndroidManifest.xml:49:17-52
85-->src/main/AndroidManifest.xml:49:23-49
86            </intent-filter>
87        </activity>
88
89        <!-- Playback Service -->
90        <service
90-->src/main/AndroidManifest.xml:67:9-75:19
91            android:name="com.musicplayer.core.media.service.PlaybackService"
91-->src/main/AndroidManifest.xml:68:13-78
92            android:exported="true"
92-->src/main/AndroidManifest.xml:69:13-36
93            android:foregroundServiceType="mediaPlayback"
93-->src/main/AndroidManifest.xml:70:13-58
94            android:permission="android.permission.FOREGROUND_SERVICE_MEDIA_PLAYBACK" >
94-->src/main/AndroidManifest.xml:71:13-86
95            <intent-filter>
95-->src/main/AndroidManifest.xml:72:13-74:29
96                <action android:name="androidx.media3.session.MediaSessionService" />
96-->src/main/AndroidManifest.xml:73:17-86
96-->src/main/AndroidManifest.xml:73:25-83
97            </intent-filter>
98        </service>
99
100        <!-- Media Session Receiver -->
101        <receiver
101-->src/main/AndroidManifest.xml:78:9-84:20
102            android:name="androidx.media3.session.MediaButtonReceiver"
102-->src/main/AndroidManifest.xml:79:13-71
103            android:exported="true" >
103-->src/main/AndroidManifest.xml:80:13-36
104            <intent-filter>
104-->src/main/AndroidManifest.xml:81:13-83:29
105                <action android:name="android.intent.action.MEDIA_BUTTON" />
105-->src/main/AndroidManifest.xml:82:17-77
105-->src/main/AndroidManifest.xml:82:25-74
106            </intent-filter>
107        </receiver>
108
109        <activity
109-->[androidx.compose.ui:ui-tooling-android:1.7.0] AndroidManifest.xml:23:9-25:39
110            android:name="androidx.compose.ui.tooling.PreviewActivity"
110-->[androidx.compose.ui:ui-tooling-android:1.7.0] AndroidManifest.xml:24:13-71
111            android:exported="true" />
111-->[androidx.compose.ui:ui-tooling-android:1.7.0] AndroidManifest.xml:25:13-36
112        <activity
112-->[androidx.compose.ui:ui-test-manifest:1.7.0] AndroidManifest.xml:23:9-25:39
113            android:name="androidx.activity.ComponentActivity"
113-->[androidx.compose.ui:ui-test-manifest:1.7.0] AndroidManifest.xml:24:13-63
114            android:exported="true" />
114-->[androidx.compose.ui:ui-test-manifest:1.7.0] AndroidManifest.xml:25:13-36
115
116        <provider
116-->[androidx.emoji2:emoji2:1.3.0] AndroidManifest.xml:24:9-32:20
117            android:name="androidx.startup.InitializationProvider"
117-->[androidx.emoji2:emoji2:1.3.0] AndroidManifest.xml:25:13-67
118            android:authorities="com.musicplayer.debug.androidx-startup"
118-->[androidx.emoji2:emoji2:1.3.0] AndroidManifest.xml:26:13-68
119            android:exported="false" >
119-->[androidx.emoji2:emoji2:1.3.0] AndroidManifest.xml:27:13-37
120            <meta-data
120-->[androidx.emoji2:emoji2:1.3.0] AndroidManifest.xml:29:13-31:52
121                android:name="androidx.emoji2.text.EmojiCompatInitializer"
121-->[androidx.emoji2:emoji2:1.3.0] AndroidManifest.xml:30:17-75
122                android:value="androidx.startup" />
122-->[androidx.emoji2:emoji2:1.3.0] AndroidManifest.xml:31:17-49
123            <meta-data
123-->[androidx.lifecycle:lifecycle-process:2.8.5] AndroidManifest.xml:29:13-31:52
124                android:name="androidx.lifecycle.ProcessLifecycleInitializer"
124-->[androidx.lifecycle:lifecycle-process:2.8.5] AndroidManifest.xml:30:17-78
125                android:value="androidx.startup" />
125-->[androidx.lifecycle:lifecycle-process:2.8.5] AndroidManifest.xml:31:17-49
126            <meta-data
126-->[androidx.profileinstaller:profileinstaller:1.3.1] AndroidManifest.xml:29:13-31:52
127                android:name="androidx.profileinstaller.ProfileInstallerInitializer"
127-->[androidx.profileinstaller:profileinstaller:1.3.1] AndroidManifest.xml:30:17-85
128                android:value="androidx.startup" />
128-->[androidx.profileinstaller:profileinstaller:1.3.1] AndroidManifest.xml:31:17-49
129        </provider>
130
131        <service
131-->[androidx.room:room-runtime:2.6.1] AndroidManifest.xml:24:9-28:63
132            android:name="androidx.room.MultiInstanceInvalidationService"
132-->[androidx.room:room-runtime:2.6.1] AndroidManifest.xml:25:13-74
133            android:directBootAware="true"
133-->[androidx.room:room-runtime:2.6.1] AndroidManifest.xml:26:13-43
134            android:exported="false" />
134-->[androidx.room:room-runtime:2.6.1] AndroidManifest.xml:27:13-37
135
136        <receiver
136-->[androidx.profileinstaller:profileinstaller:1.3.1] AndroidManifest.xml:34:9-52:20
137            android:name="androidx.profileinstaller.ProfileInstallReceiver"
137-->[androidx.profileinstaller:profileinstaller:1.3.1] AndroidManifest.xml:35:13-76
138            android:directBootAware="false"
138-->[androidx.profileinstaller:profileinstaller:1.3.1] AndroidManifest.xml:36:13-44
139            android:enabled="true"
139-->[androidx.profileinstaller:profileinstaller:1.3.1] AndroidManifest.xml:37:13-35
140            android:exported="true"
140-->[androidx.profileinstaller:profileinstaller:1.3.1] AndroidManifest.xml:38:13-36
141            android:permission="android.permission.DUMP" >
141-->[androidx.profileinstaller:profileinstaller:1.3.1] AndroidManifest.xml:39:13-57
142            <intent-filter>
142-->[androidx.profileinstaller:profileinstaller:1.3.1] AndroidManifest.xml:40:13-42:29
143                <action android:name="androidx.profileinstaller.action.INSTALL_PROFILE" />
143-->[androidx.profileinstaller:profileinstaller:1.3.1] AndroidManifest.xml:41:17-91
143-->[androidx.profileinstaller:profileinstaller:1.3.1] AndroidManifest.xml:41:25-88
144            </intent-filter>
145            <intent-filter>
145-->[androidx.profileinstaller:profileinstaller:1.3.1] AndroidManifest.xml:43:13-45:29
146                <action android:name="androidx.profileinstaller.action.SKIP_FILE" />
146-->[androidx.profileinstaller:profileinstaller:1.3.1] AndroidManifest.xml:44:17-85
146-->[androidx.profileinstaller:profileinstaller:1.3.1] AndroidManifest.xml:44:25-82
147            </intent-filter>
148            <intent-filter>
148-->[androidx.profileinstaller:profileinstaller:1.3.1] AndroidManifest.xml:46:13-48:29
149                <action android:name="androidx.profileinstaller.action.SAVE_PROFILE" />
149-->[androidx.profileinstaller:profileinstaller:1.3.1] AndroidManifest.xml:47:17-88
149-->[androidx.profileinstaller:profileinstaller:1.3.1] AndroidManifest.xml:47:25-85
150            </intent-filter>
151            <intent-filter>
151-->[androidx.profileinstaller:profileinstaller:1.3.1] AndroidManifest.xml:49:13-51:29
152                <action android:name="androidx.profileinstaller.action.BENCHMARK_OPERATION" />
152-->[androidx.profileinstaller:profileinstaller:1.3.1] AndroidManifest.xml:50:17-95
152-->[androidx.profileinstaller:profileinstaller:1.3.1] AndroidManifest.xml:50:25-92
153            </intent-filter>
154        </receiver>
155    </application>
156
157</manifest>